<?xml version="1.0" encoding="UTF-8"?>
<testsuite xmlns:xsi="http://www.w3.org/2001/XMLSchema-instance" xsi:noNamespaceSchemaLocation="https://maven.apache.org/surefire/maven-surefire-plugin/xsd/surefire-test-report.xsd" name="com.syamil.reactive.SpringReactiveMongoCrudApplicationTests" time="2.186" tests="5" errors="0" skipped="0" failures="0">
  <properties>
[...]
</properties>
  <testcase name="getProductTest" classname="com.syamil.reactive.SpringReactiveMongoCrudApplicationTests" time="0.227"/>
  <testcase name="getProductsTest" classname="com.syamil.reactive.SpringReactiveMongoCrudApplicationTests" time="0.015"/>
  <testcase name="deleteProductTest" classname="com.syamil.reactive.SpringReactiveMongoCrudApplicationTests" time="0.006"/>
  <testcase name="addProductTest" classname="com.syamil.reactive.SpringReactiveMongoCrudApplicationTests" time="0.019"/>
  <testcase name="updateProductTest" classname="com.syamil.reactive.SpringReactiveMongoCrudApplicationTests" time="0.007"/>
</testsuite>